<?xml version="1.0" encoding="UTF-8"?>
<!-- Generated by org.testng.reporters.JUnitXMLReporter -->
<testsuite hostname="LAPTOP-MPNT8J29" ignored="0" name="Default test" tests="1" failures="1" timestamp="2021-01-29T21:20:29 GMT" time="2.33" errors="0">
  <testcase name="runScenario" time="1.918" classname="cucumber.api.testng.AbstractTestNGCucumberTests">
    <failure type="org.openqa.selenium.WebDriverException" message="unknown error: Chrome failed to start: exited normally.
  (unknown error: DevToolsActivePort file doesn&amp;apos;t exist)
  (The process started from chrome location C:\Program Files (x86)\Google\Chrome\Application\chrome.exe is no longer running, so ChromeDriver is assuming that Chrome has crashed.)
Build info: version: &amp;apos;3.141.59&amp;apos;, revision: &amp;apos;e82be7d358&amp;apos;, time: &amp;apos;2018-11-14T08:17:03&amp;apos;
System info: host: &amp;apos;LAPTOP-MPNT8J29&amp;apos;, ip: &amp;apos;192.168.0.14&amp;apos;, os.name: &amp;apos;Windows 10&amp;apos;, os.arch: &amp;apos;amd64&amp;apos;, os.version: &amp;apos;10.0&amp;apos;, java.version: &amp;apos;1.8.0_171&amp;apos;
Driver info: driver.version: ChromeDriver
remote stacktrace: Backtrace:
	Ordinal0 [0x0108C0C3+3326147]
	Ordinal0 [0x00F70851+2164817]
	Ordinal0 [0x00DF7298+619160]
	Ordinal0 [0x00D6E4CB+58571]
	Ordinal0 [0x00D6C38A+50058]
	Ordinal0 [0x00D95F3E+220990]
	Ordinal0 [0x00D95CAC+220332]
	Ordinal0 [0x00D9189B+202907]
	Ordinal0 [0x00D73DF4+81396]
	Ordinal0 [0x00D74DEE+85486]
	Ordinal0 [0x00D74D79+85369]
	Ordinal0 [0x00F885DC+2262492]
	GetHandleVerifier [0x01212874+1487204]
	GetHandleVerifier [0x012123CD+1486013]
	GetHandleVerifier [0x0121A368+1518680]
	GetHandleVerifier [0x01212F4E+1488958]
	Ordinal0 [0x00F7ED0D+2223373]
	Ordinal0 [0x00F8A12B+2269483]
	Ordinal0 [0x00F8A26F+2269807]
	Ordinal0 [0x00F9ECB8+2354360]
	BaseThreadInitThunk [0x76936359+25]
	RtlGetAppContainerNamedObjectPath [0x77608944+228]
	RtlGetAppContainerNamedObjectPath [0x77608914+180]
">
      <![CDATA[org.openqa.selenium.WebDriverException: unknown error: Chrome failed to start: exited normally.
  (unknown error: DevToolsActivePort file doesn't exist)
  (The process started from chrome location C:\Program Files (x86)\Google\Chrome\Application\chrome.exe is no longer running, so ChromeDriver is assuming that Chrome has crashed.)
Build info: version: '3.141.59', revision: 'e82be7d358', time: '2018-11-14T08:17:03'
System info: host: 'LAPTOP-MPNT8J29', ip: '192.168.0.14', os.name: 'Windows 10', os.arch: 'amd64', os.version: '10.0', java.version: '1.8.0_171'
Driver info: driver.version: ChromeDriver
remote stacktrace: Backtrace:
Ordinal0 [0x0108C0C3+3326147]
Ordinal0 [0x00F70851+2164817]
Ordinal0 [0x00DF7298+619160]
Ordinal0 [0x00D6E4CB+58571]
Ordinal0 [0x00D6C38A+50058]
Ordinal0 [0x00D95F3E+220990]
Ordinal0 [0x00D95CAC+220332]
Ordinal0 [0x00D9189B+202907]
Ordinal0 [0x00D73DF4+81396]
Ordinal0 [0x00D74DEE+85486]
Ordinal0 [0x00D74D79+85369]
Ordinal0 [0x00F885DC+2262492]
GetHandleVerifier [0x01212874+1487204]
GetHandleVerifier [0x012123CD+1486013]
GetHandleVerifier [0x0121A368+1518680]
GetHandleVerifier [0x01212F4E+1488958]
Ordinal0 [0x00F7ED0D+2223373]
Ordinal0 [0x00F8A12B+2269483]
Ordinal0 [0x00F8A26F+2269807]
Ordinal0 [0x00F9ECB8+2354360]
BaseThreadInitThunk [0x76936359+25]
RtlGetAppContainerNamedObjectPath [0x77608944+228]
RtlGetAppContainerNamedObjectPath [0x77608914+180]

at sun.reflect.NativeConstructorAccessorImpl.newInstance0(Native Method)
at sun.reflect.NativeConstructorAccessorImpl.newInstance(Unknown Source)
at sun.reflect.DelegatingConstructorAccessorImpl.newInstance(Unknown Source)
at java.lang.reflect.Constructor.newInstance(Unknown Source)
at org.openqa.selenium.remote.W3CHandshakeResponse.lambda$errorHandler$0(W3CHandshakeResponse.java:62)
at org.openqa.selenium.remote.HandshakeResponse.lambda$getResponseFunction$0(HandshakeResponse.java:30)
at org.openqa.selenium.remote.ProtocolHandshake.lambda$createSession$0(ProtocolHandshake.java:126)
at java.util.stream.ReferencePipeline$3$1.accept(Unknown Source)
at java.util.Spliterators$ArraySpliterator.tryAdvance(Unknown Source)
at java.util.stream.ReferencePipeline.forEachWithCancel(Unknown Source)
at java.util.stream.AbstractPipeline.copyIntoWithCancel(Unknown Source)
at java.util.stream.AbstractPipeline.copyInto(Unknown Source)
at java.util.stream.AbstractPipeline.wrapAndCopyInto(Unknown Source)
at java.util.stream.FindOps$FindOp.evaluateSequential(Unknown Source)
at java.util.stream.AbstractPipeline.evaluate(Unknown Source)
at java.util.stream.ReferencePipeline.findFirst(Unknown Source)
at org.openqa.selenium.remote.ProtocolHandshake.createSession(ProtocolHandshake.java:128)
at org.openqa.selenium.remote.ProtocolHandshake.createSession(ProtocolHandshake.java:74)
at org.openqa.selenium.remote.HttpCommandExecutor.execute(HttpCommandExecutor.java:136)
at org.openqa.selenium.remote.service.DriverCommandExecutor.execute(DriverCommandExecutor.java:83)
at org.openqa.selenium.remote.RemoteWebDriver.execute(RemoteWebDriver.java:552)
at org.openqa.selenium.remote.RemoteWebDriver.startSession(RemoteWebDriver.java:213)
at org.openqa.selenium.remote.RemoteWebDriver.<init>(RemoteWebDriver.java:131)
at org.openqa.selenium.chrome.ChromeDriver.<init>(ChromeDriver.java:181)
at org.openqa.selenium.chrome.ChromeDriver.<init>(ChromeDriver.java:168)
at org.openqa.selenium.chrome.ChromeDriver.<init>(ChromeDriver.java:123)
at steps.Methodpage.launchBrowserAndLoadURL(Methodpage.java:18)
at âœ½.Launch browser and Load URL(file:src/test/java/Feature/login.feature:36)
]]>
    </failure>
  </testcase> <!-- runScenario -->
</testsuite> <!-- Default test -->
